<?xml version="1.0" encoding="UTF-8"?>
<!-- Generated by org.testng.reporters.JUnitReportReporter -->
<testsuite hostname="Idris" failures="0" tests="1" name="BrowserTest" time="83.692" errors="0" timestamp="2025-04-09T13:15:55 SAST" skipped="0">
  <testcase classname="BrowserTest" name="fullFlowTest" time="83.692"/>
</testsuite> <!-- BrowserTest -->
