<?xml version="1.0" encoding="UTF-8"?>
<!-- Generated by org.testng.reporters.JUnitReportReporter -->
<testsuite hostname="Idris" failures="0" tests="1" name="BrowserTest" time="5.257" errors="0" timestamp="2025-04-07T17:58:02 SAST" skipped="0">
  <testcase classname="BrowserTest" name="myTest" time="5.257"/>
</testsuite> <!-- BrowserTest -->
