<?xml version="1.0" encoding="UTF-8"?>
<!-- Generated by org.testng.reporters.JUnitReportReporter -->
<testsuite hostname="Idris" failures="0" tests="1" name="BrowserTest" time="16.053" errors="0" timestamp="2025-04-09T07:33:48 SAST" skipped="0">
  <testcase classname="BrowserTest" name="myTest" time="16.053"/>
</testsuite> <!-- BrowserTest -->
